host: C02F41JYML7J
Building DAG of jobs...
Using shell: /bin/bash
Provided cores: 1 (use --cores to define parallelism)
Rules claiming more threads will be scaled down.
Job stats:
job        count
-------  -------
bwa_map        1
total          1

Select jobs to execute...
Execute 1 jobs...

[Mon Nov  4 09:34:22 2024]
localrule bwa_map:
    input: data/genome.fa, data/samples/A.fastq
    output: mapped_reads/A.bam
    jobid: 0
    reason: Missing output files: mapped_reads/A.bam
    resources: tmpdir=/var/folders/ql/ksswymyd1_91gv1j4_0yqtk40000gp/T

[Mon Nov  4 09:34:24 2024]
Finished job 0.
1 of 1 steps (100%) done
Complete log: .snakemake/log/2024-11-04T093422.760377.snakemake.log
