host: C02F41JYML7J
Building DAG of jobs...
Using shell: /bin/bash
Provided cores: 1 (use --cores to define parallelism)
Rules claiming more threads will be scaled down.
Job stats:
job               count
--------------  -------
all                   1
bcftools_call         1
bwa_map               1
plot_quals            1
samtools_index        2
samtools_sort         2
total                 8

Select jobs to execute...
Execute 1 jobs...

[Mon Nov  4 10:00:44 2024]
localrule samtools_sort:
    input: mapped_reads/A.bam
    output: sorted_reads/A.bam
    jobid: 3
    reason: Missing output files: sorted_reads/A.bam
    wildcards: sample=A
    resources: tmpdir=/var/folders/ql/ksswymyd1_91gv1j4_0yqtk40000gp/T

[Mon Nov  4 10:00:44 2024]
Finished job 3.
1 of 8 steps (12%) done
Select jobs to execute...
Execute 1 jobs...

[Mon Nov  4 10:00:44 2024]
localrule samtools_index:
    input: sorted_reads/A.bam
    output: sorted_reads/A.bam.bai
    jobid: 7
    reason: Missing output files: sorted_reads/A.bam.bai; Input files updated by another job: sorted_reads/A.bam
    wildcards: sample=A
    resources: tmpdir=/var/folders/ql/ksswymyd1_91gv1j4_0yqtk40000gp/T

[Mon Nov  4 10:00:44 2024]
Finished job 7.
2 of 8 steps (25%) done
Select jobs to execute...
Execute 1 jobs...

[Mon Nov  4 10:00:44 2024]
localrule bwa_map:
    input: data/genome.fa, data/samples/B.fastq
    output: mapped_reads/B.bam
    jobid: 6
    reason: Missing output files: mapped_reads/B.bam
    wildcards: sample=B
    resources: tmpdir=/var/folders/ql/ksswymyd1_91gv1j4_0yqtk40000gp/T

[Mon Nov  4 10:00:45 2024]
Finished job 6.
3 of 8 steps (38%) done
Select jobs to execute...
Execute 1 jobs...

[Mon Nov  4 10:00:45 2024]
localrule samtools_sort:
    input: mapped_reads/B.bam
    output: sorted_reads/B.bam
    jobid: 5
    reason: Missing output files: sorted_reads/B.bam; Input files updated by another job: mapped_reads/B.bam
    wildcards: sample=B
    resources: tmpdir=/var/folders/ql/ksswymyd1_91gv1j4_0yqtk40000gp/T

[Mon Nov  4 10:00:45 2024]
Finished job 5.
4 of 8 steps (50%) done
Select jobs to execute...
Execute 1 jobs...

[Mon Nov  4 10:00:45 2024]
localrule samtools_index:
    input: sorted_reads/B.bam
    output: sorted_reads/B.bam.bai
    jobid: 8
    reason: Missing output files: sorted_reads/B.bam.bai; Input files updated by another job: sorted_reads/B.bam
    wildcards: sample=B
    resources: tmpdir=/var/folders/ql/ksswymyd1_91gv1j4_0yqtk40000gp/T

[Mon Nov  4 10:00:45 2024]
Finished job 8.
5 of 8 steps (62%) done
Select jobs to execute...
Execute 1 jobs...

[Mon Nov  4 10:00:45 2024]
localrule bcftools_call:
    input: data/genome.fa, sorted_reads/A.bam, sorted_reads/B.bam, sorted_reads/A.bam.bai, sorted_reads/B.bam.bai
    output: calls/all.vcf
    jobid: 2
    reason: Missing output files: calls/all.vcf; Input files updated by another job: sorted_reads/A.bam.bai, sorted_reads/B.bam, sorted_reads/A.bam, sorted_reads/B.bam.bai
    resources: tmpdir=/var/folders/ql/ksswymyd1_91gv1j4_0yqtk40000gp/T

[Mon Nov  4 10:00:46 2024]
Finished job 2.
6 of 8 steps (75%) done
Select jobs to execute...
Execute 1 jobs...

[Mon Nov  4 10:00:46 2024]
localrule plot_quals:
    input: calls/all.vcf
    output: plots/quals.svg
    jobid: 1
    reason: Missing output files: plots/quals.svg; Input files updated by another job: calls/all.vcf
    resources: tmpdir=/var/folders/ql/ksswymyd1_91gv1j4_0yqtk40000gp/T

[Mon Nov  4 10:01:08 2024]
Finished job 1.
7 of 8 steps (88%) done
Select jobs to execute...
Execute 1 jobs...

[Mon Nov  4 10:01:08 2024]
localrule all:
    input: plots/quals.svg
    jobid: 0
    reason: Input files updated by another job: plots/quals.svg
    resources: tmpdir=/var/folders/ql/ksswymyd1_91gv1j4_0yqtk40000gp/T

[Mon Nov  4 10:01:08 2024]
Finished job 0.
8 of 8 steps (100%) done
Complete log: .snakemake/log/2024-11-04T100043.870571.snakemake.log
