host: C02F41JYML7J
Building DAG of jobs...
Using shell: /bin/bash
Provided cores: 10
Rules claiming more threads will be scaled down.
Job stats:
job               count
--------------  -------
all                   1
bcftools_call         1
bwa_map               3
plot_quals            1
samtools_index        3
samtools_sort         3
total                12

Select jobs to execute...
Execute 1 jobs...

[Mon Nov  4 10:11:30 2024]
localrule bwa_map:
    input: data/genome.fa, data/samples/C.fastq
    output: mapped_reads/C.bam
    jobid: 8
    reason: Missing output files: mapped_reads/C.bam
    wildcards: sample=C
    threads: 8
    resources: tmpdir=/var/folders/ql/ksswymyd1_91gv1j4_0yqtk40000gp/T

[Mon Nov  4 10:11:30 2024]
Finished job 8.
1 of 12 steps (8%) done
Select jobs to execute...
Execute 2 jobs...

[Mon Nov  4 10:11:31 2024]
localrule samtools_sort:
    input: mapped_reads/C.bam
    output: sorted_reads/C.bam
    jobid: 7
    reason: Missing output files: sorted_reads/C.bam; Input files updated by another job: mapped_reads/C.bam
    wildcards: sample=C
    resources: tmpdir=/var/folders/ql/ksswymyd1_91gv1j4_0yqtk40000gp/T


[Mon Nov  4 10:11:31 2024]
localrule bwa_map:
    input: data/genome.fa, data/samples/A.fastq
    output: mapped_reads/A.bam
    jobid: 4
    reason: Missing output files: mapped_reads/A.bam
    wildcards: sample=A
    threads: 8
    resources: tmpdir=/var/folders/ql/ksswymyd1_91gv1j4_0yqtk40000gp/T

[Mon Nov  4 10:11:31 2024]
Finished job 7.
2 of 12 steps (17%) done
Select jobs to execute...
Execute 1 jobs...

[Mon Nov  4 10:11:31 2024]
localrule samtools_index:
    input: sorted_reads/C.bam
    output: sorted_reads/C.bam.bai
    jobid: 11
    reason: Missing output files: sorted_reads/C.bam.bai; Input files updated by another job: sorted_reads/C.bam
    wildcards: sample=C
    resources: tmpdir=/var/folders/ql/ksswymyd1_91gv1j4_0yqtk40000gp/T

[Mon Nov  4 10:11:31 2024]
Finished job 11.
3 of 12 steps (25%) done
Select jobs to execute...
Waiting for more resources.
[Mon Nov  4 10:11:31 2024]
Finished job 4.
4 of 12 steps (33%) done
Execute 2 jobs...

[Mon Nov  4 10:11:31 2024]
localrule samtools_sort:
    input: mapped_reads/A.bam
    output: sorted_reads/A.bam
    jobid: 3
    reason: Missing output files: sorted_reads/A.bam; Input files updated by another job: mapped_reads/A.bam
    wildcards: sample=A
    resources: tmpdir=/var/folders/ql/ksswymyd1_91gv1j4_0yqtk40000gp/T


[Mon Nov  4 10:11:31 2024]
localrule bwa_map:
    input: data/genome.fa, data/samples/B.fastq
    output: mapped_reads/B.bam
    jobid: 6
    reason: Missing output files: mapped_reads/B.bam
    wildcards: sample=B
    threads: 8
    resources: tmpdir=/var/folders/ql/ksswymyd1_91gv1j4_0yqtk40000gp/T

[Mon Nov  4 10:11:31 2024]
Finished job 3.
5 of 12 steps (42%) done
Select jobs to execute...
Execute 1 jobs...

[Mon Nov  4 10:11:31 2024]
localrule samtools_index:
    input: sorted_reads/A.bam
    output: sorted_reads/A.bam.bai
    jobid: 9
    reason: Missing output files: sorted_reads/A.bam.bai; Input files updated by another job: sorted_reads/A.bam
    wildcards: sample=A
    resources: tmpdir=/var/folders/ql/ksswymyd1_91gv1j4_0yqtk40000gp/T

[Mon Nov  4 10:11:31 2024]
Finished job 9.
6 of 12 steps (50%) done
[Mon Nov  4 10:11:31 2024]
Finished job 6.
7 of 12 steps (58%) done
Select jobs to execute...
Execute 1 jobs...

[Mon Nov  4 10:11:31 2024]
localrule samtools_sort:
    input: mapped_reads/B.bam
    output: sorted_reads/B.bam
    jobid: 5
    reason: Missing output files: sorted_reads/B.bam; Input files updated by another job: mapped_reads/B.bam
    wildcards: sample=B
    resources: tmpdir=/var/folders/ql/ksswymyd1_91gv1j4_0yqtk40000gp/T

[Mon Nov  4 10:11:31 2024]
Finished job 5.
8 of 12 steps (67%) done
Select jobs to execute...
Execute 1 jobs...

[Mon Nov  4 10:11:31 2024]
localrule samtools_index:
    input: sorted_reads/B.bam
    output: sorted_reads/B.bam.bai
    jobid: 10
    reason: Missing output files: sorted_reads/B.bam.bai; Input files updated by another job: sorted_reads/B.bam
    wildcards: sample=B
    resources: tmpdir=/var/folders/ql/ksswymyd1_91gv1j4_0yqtk40000gp/T

[Mon Nov  4 10:11:31 2024]
Finished job 10.
9 of 12 steps (75%) done
Select jobs to execute...
Execute 1 jobs...

[Mon Nov  4 10:11:31 2024]
localrule bcftools_call:
    input: data/genome.fa, sorted_reads/A.bam, sorted_reads/B.bam, sorted_reads/C.bam, sorted_reads/A.bam.bai, sorted_reads/B.bam.bai, sorted_reads/C.bam.bai
    output: calls/all.vcf
    jobid: 2
    reason: Missing output files: calls/all.vcf; Input files updated by another job: sorted_reads/B.bam.bai, sorted_reads/C.bam.bai, sorted_reads/A.bam.bai, sorted_reads/B.bam, sorted_reads/C.bam, sorted_reads/A.bam; Set of input files has changed since last execution
    resources: tmpdir=/var/folders/ql/ksswymyd1_91gv1j4_0yqtk40000gp/T

[Mon Nov  4 10:11:32 2024]
Finished job 2.
10 of 12 steps (83%) done
Select jobs to execute...
Execute 1 jobs...

[Mon Nov  4 10:11:32 2024]
localrule plot_quals:
    input: calls/all.vcf
    output: plots/quals.svg
    jobid: 1
    reason: Missing output files: plots/quals.svg; Input files updated by another job: calls/all.vcf
    resources: tmpdir=/var/folders/ql/ksswymyd1_91gv1j4_0yqtk40000gp/T

[Mon Nov  4 10:11:34 2024]
Finished job 1.
11 of 12 steps (92%) done
Select jobs to execute...
Execute 1 jobs...

[Mon Nov  4 10:11:34 2024]
localrule all:
    input: plots/quals.svg
    jobid: 0
    reason: Input files updated by another job: plots/quals.svg
    resources: tmpdir=/var/folders/ql/ksswymyd1_91gv1j4_0yqtk40000gp/T

[Mon Nov  4 10:11:34 2024]
Finished job 0.
12 of 12 steps (100%) done
Complete log: .snakemake/log/2024-11-04T101130.427972.snakemake.log
