host: C02F41JYML7J
Building DAG of jobs...
Using shell: /bin/bash
Provided cores: 1 (use --cores to define parallelism)
Rules claiming more threads will be scaled down.
Job stats:
job        count
-------  -------
bwa_map        1
total          1

Select jobs to execute...
Execute 1 jobs...

[Mon Nov  4 09:33:45 2024]
localrule bwa_map:
    input: data/genome.fa, data/samples/A.fastq
    output: mapped_reads/A.bam
    jobid: 0
    reason: Missing output files: mapped_reads/A.bam
    resources: tmpdir=/var/folders/ql/ksswymyd1_91gv1j4_0yqtk40000gp/T

[Mon Nov  4 09:33:51 2024]
Error in rule bwa_map:
    jobid: 0
    input: data/genome.fa, data/samples/A.fastq
    output: mapped_reads/A.bam

Shutting down, this might take some time.
Exiting because a job execution failed. Look above for error message
Complete log: .snakemake/log/2024-11-04T093345.476252.snakemake.log
WorkflowError:
At least one job did not complete successfully.
